0 info it worked if it ends with ok
1 verbose cli [ '/usr/local/Cellar/node/7.4.0/bin/node',
1 verbose cli   '/usr/local/bin/npm',
1 verbose cli   'run',
1 verbose cli   'client' ]
2 info using npm@4.0.5
3 info using node@v7.4.0
4 verbose run-script [ 'preclient', 'client', 'postclient' ]
5 info lifecycle bookcase@1.0.0~preclient: bookcase@1.0.0
6 silly lifecycle bookcase@1.0.0~preclient: no script for preclient, continuing
7 info lifecycle bookcase@1.0.0~client: bookcase@1.0.0
8 verbose lifecycle bookcase@1.0.0~client: unsafe-perm in lifecycle true
9 verbose lifecycle bookcase@1.0.0~client: PATH: /usr/local/lib/node_modules/npm/bin/node-gyp-bin:/Users/tkopp/Desktop/Bookcase/node_modules/.bin:/Users/tkopp/.yarn/bin:/usr/local/pixar/bin:/usr/local/bin:/usr/bin:/bin:/opt/X11/bin:/usr/sbin:/sbin:/usr/local/bin:/Library/Frameworks/Python.framework/Versions/2.7/bin/
10 verbose lifecycle bookcase@1.0.0~client: CWD: /Users/tkopp/Desktop/Bookcase
11 silly lifecycle bookcase@1.0.0~client: Args: [ '-c', 'babel-node client' ]
12 silly lifecycle bookcase@1.0.0~client: Returned: code: 1  signal: null
13 info lifecycle bookcase@1.0.0~client: Failed to exec client script
14 verbose stack Error: bookcase@1.0.0 client: `babel-node client`
14 verbose stack Exit status 1
14 verbose stack     at EventEmitter.<anonymous> (/usr/local/lib/node_modules/npm/lib/utils/lifecycle.js:279:16)
14 verbose stack     at emitTwo (events.js:106:13)
14 verbose stack     at EventEmitter.emit (events.js:191:7)
14 verbose stack     at ChildProcess.<anonymous> (/usr/local/lib/node_modules/npm/lib/utils/spawn.js:40:14)
14 verbose stack     at emitTwo (events.js:106:13)
14 verbose stack     at ChildProcess.emit (events.js:191:7)
14 verbose stack     at maybeClose (internal/child_process.js:885:16)
14 verbose stack     at Process.ChildProcess._handle.onexit (internal/child_process.js:226:5)
15 verbose pkgid bookcase@1.0.0
16 verbose cwd /Users/tkopp/Desktop/Bookcase
17 error Darwin 16.5.0
18 error argv "/usr/local/Cellar/node/7.4.0/bin/node" "/usr/local/bin/npm" "run" "client"
19 error node v7.4.0
20 error npm  v4.0.5
21 error code ELIFECYCLE
22 error bookcase@1.0.0 client: `babel-node client`
22 error Exit status 1
23 error Failed at the bookcase@1.0.0 client script 'babel-node client'.
23 error Make sure you have the latest version of node.js and npm installed.
23 error If you do, this is most likely a problem with the bookcase package,
23 error not with npm itself.
23 error Tell the author that this fails on your system:
23 error     babel-node client
23 error You can get information on how to open an issue for this project with:
23 error     npm bugs bookcase
23 error Or if that isn't available, you can get their info via:
23 error     npm owner ls bookcase
23 error There is likely additional logging output above.
24 verbose exit [ 1, true ]
